{"C:\\Users\\Nuri\\Desktop\\estudis nuri\\curs programació\\it academy\\vue3\\vue3\\src\\components\\ChildN.vue": {"path":"C:\\Users\\Nuri\\Desktop\\estudis nuri\\curs programació\\it academy\\vue3\\vue3\\src\\components\\ChildN.vue","statementMap":{"0":{"start":{"line":9,"column":15},"end":{"line":9,"column":null}}},"fnMap":{},"branchMap":{},"s":{"0":1},"f":{},"b":{}}
,"C:\\Users\\Nuri\\Desktop\\estudis nuri\\curs programació\\it academy\\vue3\\vue3\\src\\components\\CounterN.vue": {"path":"C:\\Users\\Nuri\\Desktop\\estudis nuri\\curs programació\\it academy\\vue3\\vue3\\src\\components\\CounterN.vue","statementMap":{"0":{"start":{"line":12,"column":15},"end":{"line":12,"column":null}},"1":{"start":{"line":18,"column":8},"end":{"line":18,"column":15}},"2":{"start":{"line":24,"column":12},"end":{"line":24,"column":17}},"3":{"start":{"line":27,"column":12},"end":{"line":27,"column":17}},"4":{"start":{"line":30,"column":12},"end":{"line":30,"column":17}},"5":{"start":{"line":35,"column":12},"end":{"line":35,"column":19}}},"fnMap":{"0":{"name":"(anonymous_0)","decl":{"start":{"line":17,"column":4},"end":{"line":17,"column":8}},"loc":{"start":{"line":17,"column":10},"end":{"line":21,"column":null}}},"1":{"name":"(anonymous_1)","decl":{"start":{"line":23,"column":8},"end":{"line":23,"column":17}},"loc":{"start":{"line":23,"column":20},"end":{"line":25,"column":null}}},"2":{"name":"(anonymous_2)","decl":{"start":{"line":26,"column":8},"end":{"line":26,"column":17}},"loc":{"start":{"line":26,"column":19},"end":{"line":28,"column":null}}},"3":{"name":"(anonymous_3)","decl":{"start":{"line":29,"column":8},"end":{"line":29,"column":13}},"loc":{"start":{"line":29,"column":16},"end":{"line":31,"column":null}}},"4":{"name":"(anonymous_4)","decl":{"start":{"line":34,"column":8},"end":{"line":34,"column":23}},"loc":{"start":{"line":34,"column":25},"end":{"line":36,"column":null}}}},"branchMap":{},"s":{"0":1,"1":7,"2":2,"3":2,"4":1,"5":11},"f":{"0":7,"1":2,"2":2,"3":1,"4":11},"b":{}}
,"C:\\Users\\Nuri\\Desktop\\estudis nuri\\curs programació\\it academy\\vue3\\vue3\\src\\components\\HelloWorld.vue": {"path":"C:\\Users\\Nuri\\Desktop\\estudis nuri\\curs programació\\it academy\\vue3\\vue3\\src\\components\\HelloWorld.vue","statementMap":{"0":{"start":{"line":34,"column":15},"end":{"line":34,"column":null}}},"fnMap":{},"branchMap":{},"s":{"0":1},"f":{},"b":{}}
,"C:\\Users\\Nuri\\Desktop\\estudis nuri\\curs programació\\it academy\\vue3\\vue3\\src\\components\\MessageT.vue": {"path":"C:\\Users\\Nuri\\Desktop\\estudis nuri\\curs programació\\it academy\\vue3\\vue3\\src\\components\\MessageT.vue","statementMap":{"0":{"start":{"line":10,"column":15},"end":{"line":10,"column":null}}},"fnMap":{},"branchMap":{},"s":{"0":1},"f":{},"b":{}}
,"C:\\Users\\Nuri\\Desktop\\estudis nuri\\curs programació\\it academy\\vue3\\vue3\\src\\components\\NavN.vue": {"path":"C:\\Users\\Nuri\\Desktop\\estudis nuri\\curs programació\\it academy\\vue3\\vue3\\src\\components\\NavN.vue","statementMap":{"0":{"start":{"line":10,"column":15},"end":{"line":10,"column":null}},"1":{"start":{"line":13,"column":4},"end":{"line":13,"column":11}}},"fnMap":{"0":{"name":"(anonymous_0)","decl":{"start":{"line":12,"column":2},"end":{"line":12,"column":6}},"loc":{"start":{"line":12,"column":8},"end":{"line":16,"column":null}}}},"branchMap":{},"s":{"0":1,"1":2},"f":{"0":2},"b":{}}
,"C:\\Users\\Nuri\\Desktop\\estudis nuri\\curs programació\\it academy\\vue3\\vue3\\src\\components\\TodoApp.vue": {"path":"C:\\Users\\Nuri\\Desktop\\estudis nuri\\curs programació\\it academy\\vue3\\vue3\\src\\components\\TodoApp.vue","statementMap":{"0":{"start":{"line":27,"column":15},"end":{"line":27,"column":null}},"1":{"start":{"line":30,"column":5},"end":{"line":30,"column":12}},"2":{"start":{"line":43,"column":9},"end":{"line":43,"column":14}}},"fnMap":{"0":{"name":"(anonymous_0)","decl":{"start":{"line":29,"column":1},"end":{"line":29,"column":5}},"loc":{"start":{"line":29,"column":7},"end":{"line":40,"column":null}}},"1":{"name":"(anonymous_1)","decl":{"start":{"line":42,"column":5},"end":{"line":42,"column":15}},"loc":{"start":{"line":42,"column":18},"end":{"line":49,"column":null}}}},"branchMap":{},"s":{"0":1,"1":3,"2":1},"f":{"0":3,"1":1},"b":{}}
}
