TN:
SF:src\components\ChildN.vue
FNF:0
FNH:0
DA:9,1
LF:1
LH:1
BRF:0
BRH:0
end_of_record
TN:
SF:src\components\CounterN.vue
FN:17,(anonymous_0)
FN:23,(anonymous_1)
FN:26,(anonymous_2)
FN:29,(anonymous_3)
FN:34,(anonymous_4)
FNF:5
FNH:5
FNDA:7,(anonymous_0)
FNDA:2,(anonymous_1)
FNDA:2,(anonymous_2)
FNDA:1,(anonymous_3)
FNDA:11,(anonymous_4)
DA:12,1
DA:18,7
DA:24,2
DA:27,2
DA:30,1
DA:35,11
LF:6
LH:6
BRF:0
BRH:0
end_of_record
TN:
SF:src\components\HelloWorld.vue
FNF:0
FNH:0
DA:34,1
LF:1
LH:1
BRF:0
BRH:0
end_of_record
TN:
SF:src\components\MessageT.vue
FNF:0
FNH:0
DA:10,1
LF:1
LH:1
BRF:0
BRH:0
end_of_record
TN:
SF:src\components\NavN.vue
FN:12,(anonymous_0)
FNF:1
FNH:1
FNDA:2,(anonymous_0)
DA:10,1
DA:13,2
LF:2
LH:2
BRF:0
BRH:0
end_of_record
TN:
SF:src\components\TodoApp.vue
FN:29,(anonymous_0)
FN:42,(anonymous_1)
FNF:2
FNH:2
FNDA:3,(anonymous_0)
FNDA:1,(anonymous_1)
DA:27,1
DA:30,3
DA:43,1
LF:3
LH:3
BRF:0
BRH:0
end_of_record
